This file contains any messages produced by compilers while
running configure, to aid debugging if configure makes a mistake.

It was created by dnet configure 0.1, which was
generated by GNU Autoconf 2.69.  Invocation command line was

  $ ./configure 

## --------- ##
## Platform. ##
## --------- ##

hostname = localhost.localdomain
uname -m = x86_64
uname -r = 3.17.4-301.fc21.x86_64
uname -s = Linux
uname -v = #1 SMP Thu Nov 27 19:09:10 UTC 2014

/usr/bin/uname -p = x86_64
/bin/uname -X     = unknown

/bin/arch              = x86_64
/usr/bin/arch -k       = unknown
/usr/convex/getsysinfo = unknown
/usr/bin/hostinfo      = unknown
/bin/machine           = unknown
/usr/bin/oslevel       = unknown
/bin/universe          = unknown

PATH: /usr/local/sbin
PATH: /usr/local/bin
PATH: /sbin
PATH: /bin
PATH: /usr/sbin
PATH: /usr/bin
PATH: /root/bin


## ----------- ##
## Core tests. ##
## ----------- ##

configure:2242: checking for a BSD-compatible install
configure:2310: result: /bin/install -c
configure:2321: checking whether build environment is sane
configure:2376: result: yes
configure:2527: checking for a thread-safe mkdir -p
configure:2566: result: /bin/mkdir -p
configure:2573: checking for gawk
configure:2589: found /bin/gawk
configure:2600: result: gawk
configure:2611: checking whether make sets $(MAKE)
configure:2633: result: yes
configure:2662: checking whether make supports nested variables
configure:2679: result: yes
configure:2858: checking for gcc
configure:2874: found /bin/gcc
configure:2885: result: gcc
configure:3114: checking for C compiler version
configure:3123: gcc --version >&5
gcc (GCC) 4.9.2 20141101 (Red Hat 4.9.2-1)
Copyright (C) 2014 Free Software Foundation, Inc.
This is free software; see the source for copying conditions.  There is NO
warranty; not even for MERCHANTABILITY or FITNESS FOR A PARTICULAR PURPOSE.

configure:3134: $? = 0
configure:3123: gcc -v >&5
Using built-in specs.
COLLECT_GCC=gcc
COLLECT_LTO_WRAPPER=/usr/libexec/gcc/x86_64-redhat-linux/4.9.2/lto-wrapper
Target: x86_64-redhat-linux
Configured with: ../configure --prefix=/usr --mandir=/usr/share/man --infodir=/usr/share/info --with-bugurl=http://bugzilla.redhat.com/bugzilla --enable-bootstrap --enable-shared --enable-threads=posix --enable-checking=release --enable-multilib --with-system-zlib --enable-__cxa_atexit --disable-libunwind-exceptions --enable-gnu-unique-object --enable-linker-build-id --with-linker-hash-style=gnu --enable-languages=c,c++,objc,obj-c++,fortran,ada,go,lto --enable-plugin --enable-initfini-array --disable-libgcj --with-isl=/builddir/build/BUILD/gcc-4.9.2-20141101/obj-x86_64-redhat-linux/isl-install --with-cloog=/builddir/build/BUILD/gcc-4.9.2-20141101/obj-x86_64-redhat-linux/cloog-install --enable-gnu-indirect-function --with-tune=generic --with-arch_32=i686 --build=x86_64-redhat-linux
Thread model: posix
gcc version 4.9.2 20141101 (Red Hat 4.9.2-1) (GCC) 
configure:3134: $? = 0
configure:3123: gcc -V >&5
gcc: error: unrecognized command line option '-V'
gcc: fatal error: no input files
compilation terminated.
configure:3134: $? = 4
configure:3123: gcc -qversion >&5
gcc: error: unrecognized command line option '-qversion'
gcc: fatal error: no input files
compilation terminated.
configure:3134: $? = 4
configure:3154: checking whether the C compiler works
configure:3176: gcc    conftest.c  >&5
configure:3180: $? = 0
configure:3228: result: yes
configure:3231: checking for C compiler default output file name
configure:3233: result: a.out
configure:3239: checking for suffix of executables
configure:3246: gcc -o conftest    conftest.c  >&5
configure:3250: $? = 0
configure:3272: result: 
configure:3294: checking whether we are cross compiling
configure:3302: gcc -o conftest    conftest.c  >&5
configure:3306: $? = 0
configure:3313: ./conftest
configure:3317: $? = 0
configure:3332: result: no
configure:3337: checking for suffix of object files
configure:3359: gcc -c   conftest.c >&5
configure:3363: $? = 0
configure:3384: result: o
configure:3388: checking whether we are using the GNU C compiler
configure:3407: gcc -c   conftest.c >&5
configure:3407: $? = 0
configure:3416: result: yes
configure:3425: checking whether gcc accepts -g
configure:3445: gcc -c -g  conftest.c >&5
configure:3445: $? = 0
configure:3486: result: yes
configure:3503: checking for gcc option to accept ISO C89
configure:3566: gcc  -c -g -O2  conftest.c >&5
configure:3566: $? = 0
configure:3579: result: none needed
configure:3604: checking whether gcc understands -c and -o together
configure:3626: gcc -c conftest.c -o conftest2.o
configure:3629: $? = 0
configure:3626: gcc -c conftest.c -o conftest2.o
configure:3629: $? = 0
configure:3641: result: yes
configure:3669: checking for style of include used by make
configure:3697: result: GNU
configure:3723: checking dependency style of gcc
configure:3834: result: none
configure:3855: checking for SDL_init() in -lSDL2
configure:3880: gcc -o conftest -g -O2   conftest.c -lSDL2   >&5
conftest.c:18:6: error: 'SDL_init' declared as function returning a function
 char SDL_init() ();
      ^
conftest.c: In function 'main':
conftest.c:22:8: error: called object is not a function or function pointer
 return SDL_init() ();
        ^
configure:3880: $? = 1
configure: failed program was:
| /* confdefs.h */
| #define PACKAGE_NAME "dnet"
| #define PACKAGE_TARNAME "dnet"
| #define PACKAGE_VERSION "0.1"
| #define PACKAGE_STRING "dnet 0.1"
| #define PACKAGE_BUGREPORT "juanslayton@dslextreme.com"
| #define PACKAGE_URL ""
| #define PACKAGE "dnet"
| #define VERSION "0.1"
| /* end confdefs.h.  */
| 
| /* Override any GCC internal prototype to avoid an error.
|    Use char because int might match the return type of a GCC
|    builtin and then its argument prototype would still apply.  */
| #ifdef __cplusplus
| extern "C"
| #endif
| char SDL_init() ();
| int
| main ()
| {
| return SDL_init() ();
|   ;
|   return 0;
| }
configure:3890: result: no
configure:3902: checking for main in -lSDL2_ttf
configure:3921: gcc -o conftest -g -O2   conftest.c -lSDL2_ttf   >&5
configure:3921: $? = 0
configure:3930: result: yes
configure:3943: checking for main in -lrt
configure:3962: gcc -o conftest -g -O2   conftest.c -lrt  -lSDL2_ttf  >&5
configure:3962: $? = 0
configure:3971: result: yes
configure:3990: checking how to run the C preprocessor
configure:4021: gcc -E  conftest.c
configure:4021: $? = 0
configure:4035: gcc -E  conftest.c
conftest.c:13:28: fatal error: ac_nonexistent.h: No such file or directory
 #include <ac_nonexistent.h>
                            ^
compilation terminated.
configure:4035: $? = 1
configure: failed program was:
| /* confdefs.h */
| #define PACKAGE_NAME "dnet"
| #define PACKAGE_TARNAME "dnet"
| #define PACKAGE_VERSION "0.1"
| #define PACKAGE_STRING "dnet 0.1"
| #define PACKAGE_BUGREPORT "juanslayton@dslextreme.com"
| #define PACKAGE_URL ""
| #define PACKAGE "dnet"
| #define VERSION "0.1"
| #define HAVE_LIBSDL2_TTF 1
| #define HAVE_LIBRT 1
| /* end confdefs.h.  */
| #include <ac_nonexistent.h>
configure:4060: result: gcc -E
configure:4080: gcc -E  conftest.c
configure:4080: $? = 0
configure:4094: gcc -E  conftest.c
conftest.c:13:28: fatal error: ac_nonexistent.h: No such file or directory
 #include <ac_nonexistent.h>
                            ^
compilation terminated.
configure:4094: $? = 1
configure: failed program was:
| /* confdefs.h */
| #define PACKAGE_NAME "dnet"
| #define PACKAGE_TARNAME "dnet"
| #define PACKAGE_VERSION "0.1"
| #define PACKAGE_STRING "dnet 0.1"
| #define PACKAGE_BUGREPORT "juanslayton@dslextreme.com"
| #define PACKAGE_URL ""
| #define PACKAGE "dnet"
| #define VERSION "0.1"
| #define HAVE_LIBSDL2_TTF 1
| #define HAVE_LIBRT 1
| /* end confdefs.h.  */
| #include <ac_nonexistent.h>
configure:4123: checking for grep that handles long lines and -e
configure:4181: result: /bin/grep
configure:4186: checking for egrep
configure:4248: result: /bin/grep -E
configure:4253: checking for ANSI C header files
configure:4273: gcc -c -g -O2  conftest.c >&5
configure:4273: $? = 0
configure:4346: gcc -o conftest -g -O2   conftest.c -lrt -lSDL2_ttf  >&5
configure:4346: $? = 0
configure:4346: ./conftest
configure:4346: $? = 0
configure:4357: result: yes
configure:4370: checking for sys/types.h
configure:4370: gcc -c -g -O2  conftest.c >&5
configure:4370: $? = 0
configure:4370: result: yes
configure:4370: checking for sys/stat.h
configure:4370: gcc -c -g -O2  conftest.c >&5
configure:4370: $? = 0
configure:4370: result: yes
configure:4370: checking for stdlib.h
configure:4370: gcc -c -g -O2  conftest.c >&5
configure:4370: $? = 0
configure:4370: result: yes
configure:4370: checking for string.h
configure:4370: gcc -c -g -O2  conftest.c >&5
configure:4370: $? = 0
configure:4370: result: yes
configure:4370: checking for memory.h
configure:4370: gcc -c -g -O2  conftest.c >&5
configure:4370: $? = 0
configure:4370: result: yes
configure:4370: checking for strings.h
configure:4370: gcc -c -g -O2  conftest.c >&5
configure:4370: $? = 0
configure:4370: result: yes
configure:4370: checking for inttypes.h
configure:4370: gcc -c -g -O2  conftest.c >&5
configure:4370: $? = 0
configure:4370: result: yes
configure:4370: checking for stdint.h
configure:4370: gcc -c -g -O2  conftest.c >&5
configure:4370: $? = 0
configure:4370: result: yes
configure:4370: checking for unistd.h
configure:4370: gcc -c -g -O2  conftest.c >&5
configure:4370: $? = 0
configure:4370: result: yes
configure:4385: checking fcntl.h usability
configure:4385: gcc -c -g -O2  conftest.c >&5
configure:4385: $? = 0
configure:4385: result: yes
configure:4385: checking fcntl.h presence
configure:4385: gcc -E  conftest.c
configure:4385: $? = 0
configure:4385: result: yes
configure:4385: checking for fcntl.h
configure:4385: result: yes
configure:4385: checking for stdlib.h
configure:4385: result: yes
configure:4385: checking for string.h
configure:4385: result: yes
configure:4385: checking sys/ioctl.h usability
configure:4385: gcc -c -g -O2  conftest.c >&5
configure:4385: $? = 0
configure:4385: result: yes
configure:4385: checking sys/ioctl.h presence
configure:4385: gcc -E  conftest.c
configure:4385: $? = 0
configure:4385: result: yes
configure:4385: checking for sys/ioctl.h
configure:4385: result: yes
configure:4385: checking for unistd.h
configure:4385: result: yes
configure:4397: checking for size_t
configure:4397: gcc -c -g -O2  conftest.c >&5
configure:4397: $? = 0
configure:4397: gcc -c -g -O2  conftest.c >&5
conftest.c: In function 'main':
conftest.c:64:21: error: expected expression before ')' token
 if (sizeof ((size_t)))
                     ^
configure:4397: $? = 1
configure: failed program was:
| /* confdefs.h */
| #define PACKAGE_NAME "dnet"
| #define PACKAGE_TARNAME "dnet"
| #define PACKAGE_VERSION "0.1"
| #define PACKAGE_STRING "dnet 0.1"
| #define PACKAGE_BUGREPORT "juanslayton@dslextreme.com"
| #define PACKAGE_URL ""
| #define PACKAGE "dnet"
| #define VERSION "0.1"
| #define HAVE_LIBSDL2_TTF 1
| #define HAVE_LIBRT 1
| #define STDC_HEADERS 1
| #define HAVE_SYS_TYPES_H 1
| #define HAVE_SYS_STAT_H 1
| #define HAVE_STDLIB_H 1
| #define HAVE_STRING_H 1
| #define HAVE_MEMORY_H 1
| #define HAVE_STRINGS_H 1
| #define HAVE_INTTYPES_H 1
| #define HAVE_STDINT_H 1
| #define HAVE_UNISTD_H 1
| #define HAVE_FCNTL_H 1
| #define HAVE_STDLIB_H 1
| #define HAVE_STRING_H 1
| #define HAVE_SYS_IOCTL_H 1
| #define HAVE_UNISTD_H 1
| /* end confdefs.h.  */
| #include <stdio.h>
| #ifdef HAVE_SYS_TYPES_H
| # include <sys/types.h>
| #endif
| #ifdef HAVE_SYS_STAT_H
| # include <sys/stat.h>
| #endif
| #ifdef STDC_HEADERS
| # include <stdlib.h>
| # include <stddef.h>
| #else
| # ifdef HAVE_STDLIB_H
| #  include <stdlib.h>
| # endif
| #endif
| #ifdef HAVE_STRING_H
| # if !defined STDC_HEADERS && defined HAVE_MEMORY_H
| #  include <memory.h>
| # endif
| # include <string.h>
| #endif
| #ifdef HAVE_STRINGS_H
| # include <strings.h>
| #endif
| #ifdef HAVE_INTTYPES_H
| # include <inttypes.h>
| #endif
| #ifdef HAVE_STDINT_H
| # include <stdint.h>
| #endif
| #ifdef HAVE_UNISTD_H
| # include <unistd.h>
| #endif
| int
| main ()
| {
| if (sizeof ((size_t)))
| 	    return 0;
|   ;
|   return 0;
| }
configure:4397: result: yes
configure:4408: checking whether time.h and sys/time.h may both be included
configure:4428: gcc -c -g -O2  conftest.c >&5
configure:4428: $? = 0
configure:4435: result: yes
configure:4446: checking whether gcc needs -traditional
configure:4480: result: no
configure:4490: checking sys/select.h usability
configure:4490: gcc -c -g -O2  conftest.c >&5
configure:4490: $? = 0
configure:4490: result: yes
configure:4490: checking sys/select.h presence
configure:4490: gcc -E  conftest.c
configure:4490: $? = 0
configure:4490: result: yes
configure:4490: checking for sys/select.h
configure:4490: result: yes
configure:4490: checking sys/socket.h usability
configure:4490: gcc -c -g -O2  conftest.c >&5
configure:4490: $? = 0
configure:4490: result: yes
configure:4490: checking sys/socket.h presence
configure:4490: gcc -E  conftest.c
configure:4490: $? = 0
configure:4490: result: yes
configure:4490: checking for sys/socket.h
configure:4490: result: yes
configure:4500: checking types of arguments for select
configure:4528: gcc -c -g -O2  conftest.c >&5
configure:4528: $? = 0
configure:4539: result: int,fd_set *,struct timeval *
configure:4564: checking for select
configure:4564: gcc -o conftest -g -O2   conftest.c -lrt -lSDL2_ttf  >&5
configure:4564: $? = 0
configure:4564: result: yes
configure:4685: checking that generated files are newer than configure
configure:4691: result: done
configure:4714: creating ./config.status

## ---------------------- ##
## Running config.status. ##
## ---------------------- ##

This file was extended by dnet config.status 0.1, which was
generated by GNU Autoconf 2.69.  Invocation command line was

  CONFIG_FILES    = 
  CONFIG_HEADERS  = 
  CONFIG_LINKS    = 
  CONFIG_COMMANDS = 
  $ ./config.status 

on localhost.localdomain

config.status:867: creating Makefile
config.status:867: creating src/Makefile
config.status:867: creating config.h
config.status:1048: config.h is unchanged
config.status:1096: executing depfiles commands

## ---------------- ##
## Cache variables. ##
## ---------------- ##

ac_cv_c_compiler_gnu=yes
ac_cv_env_CC_set=
ac_cv_env_CC_value=
ac_cv_env_CFLAGS_set=
ac_cv_env_CFLAGS_value=
ac_cv_env_CPPFLAGS_set=
ac_cv_env_CPPFLAGS_value=
ac_cv_env_CPP_set=
ac_cv_env_CPP_value=
ac_cv_env_LDFLAGS_set=
ac_cv_env_LDFLAGS_value=
ac_cv_env_LIBS_set=
ac_cv_env_LIBS_value=
ac_cv_env_build_alias_set=
ac_cv_env_build_alias_value=
ac_cv_env_host_alias_set=
ac_cv_env_host_alias_value=
ac_cv_env_target_alias_set=
ac_cv_env_target_alias_value=
ac_cv_func_select=yes
ac_cv_func_select_args='int,fd_set *,struct timeval *'
ac_cv_header_fcntl_h=yes
ac_cv_header_inttypes_h=yes
ac_cv_header_memory_h=yes
ac_cv_header_stdc=yes
ac_cv_header_stdint_h=yes
ac_cv_header_stdlib_h=yes
ac_cv_header_string_h=yes
ac_cv_header_strings_h=yes
ac_cv_header_sys_ioctl_h=yes
ac_cv_header_sys_select_h=yes
ac_cv_header_sys_socket_h=yes
ac_cv_header_sys_stat_h=yes
ac_cv_header_sys_types_h=yes
ac_cv_header_time=yes
ac_cv_header_unistd_h=yes
ac_cv_lib_SDL2_SDL_init__=no
ac_cv_lib_SDL2_ttf_main=yes
ac_cv_lib_rt_main=yes
ac_cv_objext=o
ac_cv_path_EGREP='/bin/grep -E'
ac_cv_path_GREP=/bin/grep
ac_cv_path_install='/bin/install -c'
ac_cv_path_mkdir=/bin/mkdir
ac_cv_prog_AWK=gawk
ac_cv_prog_CPP='gcc -E'
ac_cv_prog_ac_ct_CC=gcc
ac_cv_prog_cc_c89=
ac_cv_prog_cc_g=yes
ac_cv_prog_gcc_traditional=no
ac_cv_prog_make_make_set=yes
ac_cv_type_size_t=yes
am_cv_CC_dependencies_compiler_type=none
am_cv_make_support_nested_variables=yes
am_cv_prog_cc_c_o=yes

## ----------------- ##
## Output variables. ##
## ----------------- ##

ACLOCAL='${SHELL} /6-25/desknet/missing aclocal-1.14'
AMDEPBACKSLASH='\'
AMDEP_FALSE='#'
AMDEP_TRUE=''
AMTAR='$${TAR-tar}'
AM_BACKSLASH='\'
AM_DEFAULT_V='$(AM_DEFAULT_VERBOSITY)'
AM_DEFAULT_VERBOSITY='1'
AM_V='$(V)'
AUTOCONF='${SHELL} /6-25/desknet/missing autoconf'
AUTOHEADER='${SHELL} /6-25/desknet/missing autoheader'
AUTOMAKE='${SHELL} /6-25/desknet/missing automake-1.14'
AWK='gawk'
CC='gcc'
CCDEPMODE='depmode=none'
CFLAGS='-g -O2'
CPP='gcc -E'
CPPFLAGS=''
CYGPATH_W='echo'
DEFS='-DHAVE_CONFIG_H'
DEPDIR='.deps'
ECHO_C=''
ECHO_N='-n'
ECHO_T=''
EGREP='/bin/grep -E'
EXEEXT=''
GREP='/bin/grep'
INSTALL_DATA='${INSTALL} -m 644'
INSTALL_PROGRAM='${INSTALL}'
INSTALL_SCRIPT='${INSTALL}'
INSTALL_STRIP_PROGRAM='$(install_sh) -c -s'
LDFLAGS=''
LIBOBJS=''
LIBS='-lrt -lSDL2_ttf '
LTLIBOBJS=''
MAKEINFO='${SHELL} /6-25/desknet/missing makeinfo'
MKDIR_P='/bin/mkdir -p'
OBJEXT='o'
PACKAGE='dnet'
PACKAGE_BUGREPORT='juanslayton@dslextreme.com'
PACKAGE_NAME='dnet'
PACKAGE_STRING='dnet 0.1'
PACKAGE_TARNAME='dnet'
PACKAGE_URL=''
PACKAGE_VERSION='0.1'
PATH_SEPARATOR=':'
SET_MAKE=''
SHELL='/bin/sh'
STRIP=''
VERSION='0.1'
ac_ct_CC='gcc'
am__EXEEXT_FALSE=''
am__EXEEXT_TRUE='#'
am__fastdepCC_FALSE=''
am__fastdepCC_TRUE='#'
am__include='include'
am__isrc=''
am__leading_dot='.'
am__nodep='_no'
am__quote=''
am__tar='$${TAR-tar} chof - "$$tardir"'
am__untar='$${TAR-tar} xf -'
bindir='${exec_prefix}/bin'
build_alias=''
datadir='${datarootdir}'
datarootdir='${prefix}/share'
docdir='${datarootdir}/doc/${PACKAGE_TARNAME}'
dvidir='${docdir}'
exec_prefix='${prefix}'
host_alias=''
htmldir='${docdir}'
includedir='${prefix}/include'
infodir='${datarootdir}/info'
install_sh='${SHELL} /6-25/desknet/install-sh'
libdir='${exec_prefix}/lib'
libexecdir='${exec_prefix}/libexec'
localedir='${datarootdir}/locale'
localstatedir='${prefix}/var'
mandir='${datarootdir}/man'
mkdir_p='$(MKDIR_P)'
oldincludedir='/usr/include'
pdfdir='${docdir}'
prefix='/usr/local'
program_transform_name='s,x,x,'
psdir='${docdir}'
sbindir='${exec_prefix}/sbin'
sharedstatedir='${prefix}/com'
sysconfdir='${prefix}/etc'
target_alias=''

## ----------- ##
## confdefs.h. ##
## ----------- ##

/* confdefs.h */
#define PACKAGE_NAME "dnet"
#define PACKAGE_TARNAME "dnet"
#define PACKAGE_VERSION "0.1"
#define PACKAGE_STRING "dnet 0.1"
#define PACKAGE_BUGREPORT "juanslayton@dslextreme.com"
#define PACKAGE_URL ""
#define PACKAGE "dnet"
#define VERSION "0.1"
#define HAVE_LIBSDL2_TTF 1
#define HAVE_LIBRT 1
#define STDC_HEADERS 1
#define HAVE_SYS_TYPES_H 1
#define HAVE_SYS_STAT_H 1
#define HAVE_STDLIB_H 1
#define HAVE_STRING_H 1
#define HAVE_MEMORY_H 1
#define HAVE_STRINGS_H 1
#define HAVE_INTTYPES_H 1
#define HAVE_STDINT_H 1
#define HAVE_UNISTD_H 1
#define HAVE_FCNTL_H 1
#define HAVE_STDLIB_H 1
#define HAVE_STRING_H 1
#define HAVE_SYS_IOCTL_H 1
#define HAVE_UNISTD_H 1
#define TIME_WITH_SYS_TIME 1
#define HAVE_SYS_SELECT_H 1
#define HAVE_SYS_SOCKET_H 1
#define SELECT_TYPE_ARG1 int
#define SELECT_TYPE_ARG234 (fd_set *)
#define SELECT_TYPE_ARG5 (struct timeval *)
#define HAVE_SELECT 1

configure: exit 0
